
     ######################################################################
   ##########################################################################
  ###                                                                      ###
 ###            TINKER  ---  Software Tools for Molecular Design            ###
 ##                                                                          ##
 ##                        Version 8.0   October 2016                        ##
 ##                                                                          ##
 ##               Copyright (c)  Jay William Ponder  1990-2016               ##
 ###                           All Rights Reserved                          ###
  ###                                                                      ###
   ##########################################################################
     ######################################################################


 Steepest Descent Gradient Optimization :

 SD Iter     F Value      G RMS      F Move   X Move   Angle  FG Call  Comment

     0    -4266.9441    11.3480                                   1
   100    -5340.3790     2.2796      2.3374   0.0020    0.00    104    Success 
   200    -5493.4593     1.5902      0.9985   0.0014    0.00    206    Success 
   300    -5570.4845     0.9075      0.5954   0.0008    0.00    306    Success 
   400    -5620.6922     0.7700      0.4369   0.0006    0.00    406    Success 
   500    -5658.7686     0.6595      0.3353   0.0006    0.00    506    Success 
   600    -5687.9743     0.7295      0.2660   0.0006    0.00    606    Success 
   700    -5712.1064     0.5535      0.2200   0.0005    0.00    706    Success 
   800    -5732.4900     0.4800      0.1840   0.0004    0.00    806    Success 
   900    -5748.8663     0.5434      0.1514   0.0004    0.00    906    Success 
  1000    -5763.5292     0.5311      0.1357   0.0004    0.00   1006    Success 
  1100    -5776.6841     0.5227      0.1308   0.0004    0.00   1106    Success 
  1200    -5788.6968     0.4957      0.1185   0.0004    0.00   1206    Success 
  1300    -5800.4323     0.4840      0.1085   0.0004    0.00   1306    Success 
  1400    -5811.0181     0.4703      0.0997   0.0004    0.00   1406    Success 
  1500    -5821.1283     0.4597      0.1008   0.0004    0.00   1506    Success 
  1600    -5831.1183     0.4558      0.0926   0.0004    0.00   1606    Success 
  1700    -5840.2576     0.4185      0.0850   0.0003    0.00   1706    Success 
  1800    -5848.3294     0.3992      0.0761   0.0003    0.00   1806    Success 
  1900    -5855.8920     0.3160      0.0724   0.0003    0.00   1907    Success 
  2000    -5862.9099     0.3156      0.0699   0.0003    0.00   2007   IterLimit

 LBFGS  --  Incomplete Convergence due to IterLimit

 Final Function Value :        -5862.9099
 Final RMS Gradient :              0.3156
 Final Gradient Norm :            12.2123
