
     ######################################################################
   ##########################################################################
  ###                                                                      ###
 ###            TINKER  ---  Software Tools for Molecular Design            ###
 ##                                                                          ##
 ##                        Version 8.0   October 2016                        ##
 ##                                                                          ##
 ##               Copyright (c)  Jay William Ponder  1990-2016               ##
 ###                           All Rights Reserved                          ###
  ###                                                                      ###
   ##########################################################################
     ######################################################################


 Free Energy Perturbation :          0.650 Lambda for van der Waals
 Free Energy Perturbation :          0.000 Lambda for Electrostatics

 Free Energy Perturbation :          0.600 Lambda for van der Waals
 Free Energy Perturbation :          0.000 Lambda for Electrostatics

 Initial Processing for Trajectory A :

       Completed     100 Coordinate Frames
       Completed     200 Coordinate Frames

 Initial Processing for Trajectory B :

       Completed     100 Coordinate Frames
       Completed     200 Coordinate Frames

 Estimation of Free Energy Difference via FEP Method :

 FEP Forward Free Energy         -1.5959 Kcal/mol
 FEP Backward Free Energy         1.4971 Kcal/mol

 Estimation of Free Energy Difference via BAR Method :

 BAR Iteration   0               -1.5113 Kcal/mol
 BAR Iteration   1               -1.5292 Kcal/mol
 BAR Iteration   2               -1.5296 Kcal/mol
 BAR Iteration   3               -1.5296 Kcal/mol

 BAR Free Energy Estimate        -1.5296 +/-  0.0888 Kcal/mol

 Bootstrap Error Analysis for BAR Free Energy :

 BAR Bootstrap Free Energy       -1.5301 +/-  0.0541 Kcal/mol
