
     ######################################################################
   ##########################################################################
  ###                                                                      ###
 ###            TINKER  ---  Software Tools for Molecular Design            ###
 ##                                                                          ##
 ##                        Version 7.0   October 2014                        ##
 ##                                                                          ##
 ##               Copyright (c)  Jay William Ponder  1990-2014               ##
 ###                           All Rights Reserved                          ###
  ###                                                                      ###
   ##########################################################################
     ######################################################################


 Steepest Descent Gradient Optimization :

 SD Iter     F Value      G RMS     F Move    X Move   Angle  FG Call  Comment

     0    -5443.3401    10.9265                                   1
   100    -6891.8607     1.9695     3.2757    0.0011    0.00    103    Success 
   200    -7140.8275     1.5163     1.8928    0.0008    0.00    203    Success 
   300    -7302.3125     1.2344     1.3545    0.0007    0.00    303    Success 
   400    -7420.3150     1.0829     1.0360    0.0006    0.00    403    Success 
   500    -7514.9678     0.9885     0.8655    0.0005    0.00    503    Success 
   600    -7595.6821     0.9170     0.7459    0.0005    0.00    603    Success 
   700    -7664.9273     0.8466     0.6392    0.0005    0.00    703    Success 
   800    -7724.8235     0.7925     0.5581    0.0004    0.00    803    Success 
   900    -7777.9024     0.7501     0.5010    0.0004    0.00    903    Success 
  1000    -7825.1175     0.6993     0.4379    0.0004    0.00   1003    Success 
  1100    -7866.1659     0.6513     0.3847    0.0004    0.00   1103    Success 
  1200    -7902.3796     0.6120     0.3374    0.0003    0.00   1203    Success 
  1300    -7958.2593     0.6761     0.2652    0.0004    0.00   1315    Success 
  1400    -7989.6083     0.5704     0.4936    0.0005    0.00   1420    Success 
  1500    -8015.7630     0.5275     0.2725    0.0003    0.00   1522    Success 
  1600    -8042.5404     0.6652     0.2155    0.0004    0.00   1625    Success 
  1700    -8068.3961     0.5213     0.1940    0.0003    0.00   1729    Success 
  1800    -8096.3138     0.6631     0.1978    0.0004    0.00   1834    Success 
  1900    -8115.2241     0.5096     0.1712    0.0003    0.00   1937    Success 
  2000    -8135.1366     0.5688     0.1731    0.0003    0.00   2041   IterLimit

 LBFGS  --  Incomplete Convergence due to IterLimit

 Final Function Value :        -8135.1366
 Final RMS Gradient :              0.5688
 Final Gradient Norm :            27.3363
